promRT_mhd23
it   t   dt    rho m1 m2 m3 e b1 b2 b3 psi tr d1 d2 d3 d4      c1 c2 c3 n1 n2 n3
      0  0.00000E+00  0.73128E-04  0.18341E+07  0.66684E-30  0.22237E-34  0.00000E+00  0.27703E+05  0.12530E+02  0.12530E+02  0.00000E+00  0.00000E+00 -0.20000E+00  0.27690E+05  0.18000E+01  0.80000E-02  0.69163E-15  0.84889E+00  0.80000E-01  0.71111E-01   191    72   256
     29  0.10000E-01  0.38488E-03  0.18497E+07  0.60104E-01  0.10453E+03  0.00000E+00  0.28042E+05  0.12530E+02  0.12530E+02  0.00000E+00 -0.82002E-09 -0.18523E+00  0.27925E+05  0.18000E+01  0.79738E-02  0.10948E+00  0.84889E+00  0.78889E-01  0.72222E-01   191    71   260
     55  0.20000E-01  0.38488E-03  0.18654E+07  0.42503E+00  0.23068E+03  0.00000E+00  0.28377E+05  0.12530E+02  0.12530E+02  0.00000E+00  0.24169E-07 -0.17510E+00  0.28133E+05  0.18000E+01  0.71712E-02  0.12795E+00  0.84889E+00  0.78889E-01  0.72222E-01   191    71   260
     81  0.30000E-01  0.38488E-03  0.18810E+07  0.13590E+01  0.35210E+03  0.00000E+00  0.28707E+05  0.12530E+02  0.12530E+02  0.00000E+00  0.26060E-07 -0.16509E+00  0.28341E+05  0.18000E+01  0.56117E-02  0.13651E+00  0.84889E+00  0.78889E-01  0.72222E-01   191    71   260
    107  0.40000E-01  0.38488E-03  0.18967E+07  0.29340E+01  0.47298E+03  0.00000E+00  0.29032E+05  0.12530E+02  0.12530E+02  0.00000E+00  0.86705E-07 -0.15468E+00  0.28544E+05  0.18000E+01  0.45888E-02  0.14660E+00  0.84889E+00  0.78889E-01  0.72222E-01   191    71   260
    133  0.50000E-01  0.38487E-03  0.19123E+07  0.50359E+01  0.59430E+03  0.00000E+00  0.29353E+05  0.12530E+02  0.12530E+02  0.00000E+00  0.21869E-06 -0.14422E+00  0.28741E+05  0.18000E+01  0.41059E-02  0.15679E+00  0.84889E+00  0.78889E-01  0.72222E-01   191    71   260
    159  0.60000E-01  0.38487E-03  0.19279E+07  0.76431E+01  0.71351E+03  0.00000E+00  0.29669E+05  0.12531E+02  0.12530E+02  0.00000E+00  0.34222E-06 -0.13368E+00  0.28935E+05  0.18000E+01  0.39994E-02  0.16261E+00  0.84889E+00  0.78889E-01  0.72222E-01   191    71   260
    185  0.70000E-01  0.38487E-03  0.19436E+07  0.10763E+02  0.83002E+03  0.00000E+00  0.29979E+05  0.12531E+02  0.12531E+02  0.00000E+00  0.33531E-06 -0.12304E+00  0.29126E+05  0.18000E+01  0.39095E-02  0.16565E+00  0.84889E+00  0.78889E-01  0.72222E-01   191    71   260
    211  0.80000E-01  0.38487E-03  0.19592E+07  0.14417E+02  0.94459E+03  0.00000E+00  0.30286E+05  0.12531E+02  0.12531E+02  0.00000E+00  0.37977E-06 -0.11233E+00  0.29314E+05  0.18000E+01  0.38661E-02  0.16693E+00  0.84889E+00  0.78889E-01  0.72222E-01   191    71   260
    237  0.90000E-01  0.38487E-03  0.19748E+07  0.18621E+02  0.10573E+04  0.00000E+00  0.30587E+05  0.12531E+02  0.12531E+02  0.00000E+00  0.33738E-06 -0.10154E+00  0.29499E+05  0.18000E+01  0.38463E-02  0.16744E+00  0.84889E+00  0.78889E-01  0.72222E-01   191    71   260
    263  0.10000E+00  0.38487E-03  0.19904E+07  0.23379E+02  0.11685E+04  0.00000E+00  0.30884E+05  0.12531E+02  0.12531E+02  0.00000E+00  0.33856E-06 -0.90672E-01  0.29680E+05  0.18001E+01  0.38371E-02  0.16767E+00  0.84889E+00  0.78889E-01  0.72222E-01   191    71   260
    289  0.11000E+00  0.38487E-03  0.20061E+07  0.28694E+02  0.12785E+04  0.00000E+00  0.31177E+05  0.12531E+02  0.12531E+02  0.00000E+00  0.30462E-06 -0.79712E-01  0.29857E+05  0.18001E+01  0.38325E-02  0.16777E+00  0.84889E+00  0.78889E-01  0.72222E-01   191    71   260
    315  0.12000E+00  0.38486E-03  0.20217E+07  0.34585E+02  0.13875E+04  0.00000E+00  0.31465E+05  0.12532E+02  0.12531E+02  0.00000E+00  0.39859E-06 -0.68637E-01  0.30030E+05  0.18001E+01  0.38302E-02  0.16782E+00  0.84889E+00  0.78889E-01  0.72222E-01   191    71   260
    341  0.13000E+00  0.38485E-03  0.20373E+07  0.41073E+02  0.14943E+04  0.00000E+00  0.31748E+05  0.12532E+02  0.12531E+02  0.00000E+00  0.32826E-06 -0.57442E-01  0.30200E+05  0.18001E+01  0.37991E-02  0.16783E+00  0.83556E+00  0.90000E-01  0.74444E-01   188    81   268
    367  0.14000E+00  0.38484E-03  0.20529E+07  0.48151E+02  0.15990E+04  0.00000E+00  0.32028E+05  0.12533E+02  0.12532E+02  0.00000E+00  0.34227E-06 -0.46115E-01  0.30368E+05  0.18001E+01  0.37476E-02  0.16770E+00  0.83556E+00  0.88889E-01  0.75556E-01   188    80   272
    393  0.15000E+00  0.38484E-03  0.20685E+07  0.55825E+02  0.17016E+04  0.00000E+00  0.32303E+05  0.12533E+02  0.12532E+02  0.00000E+00  0.28382E-06 -0.34655E-01  0.30533E+05  0.18001E+01  0.37143E-02  0.16768E+00  0.83556E+00  0.87778E-01  0.76667E-01   188    79   276
    419  0.16000E+00  0.38485E-03  0.20840E+07  0.64114E+02  0.18022E+04  0.00000E+00  0.32574E+05  0.12534E+02  0.12532E+02  0.00000E+00  0.18340E-06 -0.23062E-01  0.30695E+05  0.18002E+01  0.36914E-02  0.16780E+00  0.83111E+00  0.91111E-01  0.77778E-01   187    82   280
    445  0.17000E+00  0.38485E-03  0.20996E+07  0.73027E+02  0.19009E+04  0.00000E+00  0.32840E+05  0.12534E+02  0.12532E+02  0.00000E+00  0.14674E-06 -0.11342E-01  0.30854E+05  0.18001E+01  0.36769E-02  0.16788E+00  0.83111E+00  0.91111E-01  0.77778E-01   187    82   280
    471  0.18000E+00  0.38485E-03  0.21152E+07  0.82566E+02  0.19980E+04  0.00000E+00  0.33103E+05  0.12535E+02  0.12533E+02  0.00000E+00  0.96727E-07  0.50964E-03  0.31010E+05  0.18001E+01  0.36740E-02  0.16792E+00  0.83111E+00  0.91111E-01  0.77778E-01   187    82   280
    497  0.19000E+00  0.38485E-03  0.21308E+07  0.92729E+02  0.20933E+04  0.00000E+00  0.33362E+05  0.12536E+02  0.12533E+02  0.00000E+00  0.37009E-07  0.12490E-01  0.31163E+05  0.18001E+01  0.36801E-02  0.16794E+00  0.83111E+00  0.91111E-01  0.77778E-01   187    82   280
    523  0.20000E+00  0.38485E-03  0.21464E+07  0.10351E+03  0.21870E+04  0.00000E+00  0.33617E+05  0.12536E+02  0.12534E+02  0.00000E+00 -0.33782E-07  0.24598E-01  0.31314E+05  0.18001E+01  0.36878E-02  0.16794E+00  0.83111E+00  0.91111E-01  0.77778E-01   187    82   280
    549  0.21000E+00  0.38485E-03  0.21619E+07  0.11492E+03  0.22787E+04  0.00000E+00  0.33868E+05  0.12537E+02  0.12534E+02  0.00000E+00 -0.57233E-07  0.36831E-01  0.31461E+05  0.18001E+01  0.36872E-02  0.16793E+00  0.83111E+00  0.91111E-01  0.77778E-01   187    82   280
    575  0.22000E+00  0.38485E-03  0.21775E+07  0.12695E+03  0.23682E+04  0.00000E+00  0.34115E+05  0.12538E+02  0.12535E+02  0.00000E+00 -0.13938E-06  0.49191E-01  0.31607E+05  0.18001E+01  0.36839E-02  0.16792E+00  0.82667E+00  0.94444E-01  0.78889E-01   186    85   284
    601  0.23000E+00  0.38484E-03  0.21931E+07  0.13962E+03  0.24555E+04  0.00000E+00  0.34359E+05  0.12539E+02  0.12536E+02  0.00000E+00 -0.27525E-06  0.61677E-01  0.31751E+05  0.18001E+01  0.36836E-02  0.16789E+00  0.82667E+00  0.94444E-01  0.78889E-01   186    85   284
    627  0.24000E+00  0.38484E-03  0.22086E+07  0.15291E+03  0.25408E+04  0.00000E+00  0.34599E+05  0.12540E+02  0.12536E+02  0.00000E+00 -0.34920E-06  0.74291E-01  0.31892E+05  0.18001E+01  0.36746E-02  0.16786E+00  0.82667E+00  0.93333E-01  0.80000E-01   186    84   288
    653  0.25000E+00  0.38484E-03  0.22242E+07  0.16683E+03  0.26240E+04  0.00000E+00  0.34835E+05  0.12541E+02  0.12537E+02  0.00000E+00 -0.46489E-06  0.87043E-01  0.32031E+05  0.18001E+01  0.36591E-02  0.16781E+00  0.82667E+00  0.93333E-01  0.80000E-01   186    84   288
    679  0.26000E+00  0.38484E-03  0.22397E+07  0.18137E+03  0.27052E+04  0.00000E+00  0.35067E+05  0.12543E+02  0.12538E+02  0.00000E+00 -0.67183E-06  0.99932E-01  0.32168E+05  0.18001E+01  0.36561E-02  0.16777E+00  0.82667E+00  0.93333E-01  0.80000E-01   186    84   288
    705  0.27000E+00  0.38484E-03  0.22553E+07  0.19655E+03  0.27843E+04  0.00000E+00  0.35297E+05  0.12544E+02  0.12539E+02  0.00000E+00 -0.78473E-06  0.11296E+00  0.32303E+05  0.18001E+01  0.36616E-02  0.16772E+00  0.82667E+00  0.93333E-01  0.80000E-01   186    84   288
    731  0.28000E+00  0.38484E-03  0.22708E+07  0.21235E+03  0.28615E+04  0.00000E+00  0.35523E+05  0.12545E+02  0.12540E+02  0.00000E+00 -0.87798E-06  0.12613E+00  0.32436E+05  0.18001E+01  0.36715E-02  0.16768E+00  0.82222E+00  0.94444E-01  0.83333E-01   185    85   300
    757  0.29000E+00  0.38483E-03  0.22863E+07  0.22877E+03  0.29366E+04  0.00000E+00  0.35745E+05  0.12547E+02  0.12541E+02  0.00000E+00 -0.10688E-05  0.13945E+00  0.32567E+05  0.18001E+01  0.36776E-02  0.16765E+00  0.82222E+00  0.93333E-01  0.84444E-01   185    84   304
    783  0.30000E+00  0.38483E-03  0.23019E+07  0.24581E+03  0.30098E+04  0.00000E+00  0.35964E+05  0.12549E+02  0.12542E+02  0.00000E+00 -0.12241E-05  0.15291E+00  0.32696E+05  0.18001E+01  0.36587E-02  0.16761E+00  0.82222E+00  0.92222E-01  0.85556E-01   185    83   308
    809  0.31000E+00  0.38483E-03  0.23174E+07  0.26348E+03  0.30809E+04  0.00000E+00  0.36180E+05  0.12550E+02  0.12543E+02  0.00000E+00 -0.13606E-05  0.16651E+00  0.32823E+05  0.18001E+01  0.36471E-02  0.16760E+00  0.82222E+00  0.91111E-01  0.86667E-01   185    82   312
    835  0.32000E+00  0.38483E-03  0.23329E+07  0.28179E+03  0.31499E+04  0.00000E+00  0.36393E+05  0.12552E+02  0.12544E+02  0.00000E+00 -0.15429E-05  0.18025E+00  0.32949E+05  0.18002E+01  0.35812E-02  0.16760E+00  0.82222E+00  0.91111E-01  0.86667E-01   185    82   312
    861  0.33000E+00  0.38483E-03  0.23484E+07  0.30071E+03  0.32169E+04  0.00000E+00  0.36603E+05  0.12554E+02  0.12545E+02  0.00000E+00 -0.17545E-05  0.19414E+00  0.33073E+05  0.18002E+01  0.35539E-02  0.16759E+00  0.82222E+00  0.90000E-01  0.87778E-01   185    81   316
    887  0.34000E+00  0.38482E-03  0.23639E+07  0.32026E+03  0.32818E+04  0.00000E+00  0.36810E+05  0.12556E+02  0.12546E+02  0.00000E+00 -0.19427E-05  0.20817E+00  0.33195E+05  0.18002E+01  0.35049E-02  0.16759E+00  0.82222E+00  0.90000E-01  0.87778E-01   185    81   316
    913  0.35000E+00  0.38482E-03  0.23794E+07  0.34043E+03  0.33446E+04  0.00000E+00  0.37014E+05  0.12558E+02  0.12548E+02  0.00000E+00 -0.21534E-05  0.22235E+00  0.33316E+05  0.18002E+01  0.34511E-02  0.16760E+00  0.82222E+00  0.90000E-01  0.87778E-01   185    81   316
    939  0.36000E+00  0.38481E-03  0.23949E+07  0.36123E+03  0.34053E+04  0.00000E+00  0.37215E+05  0.12560E+02  0.12549E+02  0.00000E+00 -0.23942E-05  0.23666E+00  0.33436E+05  0.18002E+01  0.34242E-02  0.16760E+00  0.82222E+00  0.90000E-01  0.87778E-01   185    81   316
    965  0.37000E+00  0.38481E-03  0.24104E+07  0.38265E+03  0.34639E+04  0.00000E+00  0.37413E+05  0.12562E+02  0.12550E+02  0.00000E+00 -0.26114E-05  0.25112E+00  0.33554E+05  0.18002E+01  0.33886E-02  0.16760E+00  0.82222E+00  0.90000E-01  0.87778E-01   185    81   316
    991  0.38000E+00  0.38480E-03  0.24259E+07  0.40469E+03  0.35205E+04  0.00000E+00  0.37608E+05  0.12564E+02  0.12552E+02  0.00000E+00 -0.27825E-05  0.26572E+00  0.33670E+05  0.18002E+01  0.33467E-02  0.16761E+00  0.82222E+00  0.90000E-01  0.87778E-01   185    81   316
   1017  0.39000E+00  0.38480E-03  0.24414E+07  0.42736E+03  0.35749E+04  0.00000E+00  0.37801E+05  0.12567E+02  0.12553E+02  0.00000E+00 -0.29999E-05  0.28046E+00  0.33786E+05  0.18002E+01  0.33022E-02  0.16761E+00  0.82222E+00  0.90000E-01  0.87778E-01   185    81   316
   1043  0.40000E+00  0.38480E-03  0.24569E+07  0.45064E+03  0.36273E+04  0.00000E+00  0.37991E+05  0.12569E+02  0.12555E+02  0.00000E+00 -0.32702E-05  0.29534E+00  0.33900E+05  0.18003E+01  0.32859E-02  0.16761E+00  0.82222E+00  0.88889E-01  0.88889E-01   185    80   320
   1069  0.41000E+00  0.38479E-03  0.24724E+07  0.47451E+03  0.36777E+04  0.00000E+00  0.38178E+05  0.12572E+02  0.12557E+02  0.00000E+00 -0.34626E-05  0.31036E+00  0.34013E+05  0.18003E+01  0.32396E-02  0.16760E+00  0.82222E+00  0.86667E-01  0.91111E-01   185    78   328
   1095  0.42000E+00  0.38479E-03  0.24879E+07  0.49898E+03  0.37260E+04  0.00000E+00  0.38362E+05  0.12575E+02  0.12559E+02  0.00000E+00 -0.35983E-05  0.32552E+00  0.34125E+05  0.18003E+01  0.31931E-02  0.16760E+00  0.82222E+00  0.85556E-01  0.92222E-01   185    77   332
   1121  0.43000E+00  0.38479E-03  0.25033E+07  0.52404E+03  0.37721E+04  0.00000E+00  0.38544E+05  0.12578E+02  0.12560E+02  0.00000E+00 -0.37773E-05  0.34083E+00  0.34236E+05  0.18003E+01  0.30904E-02  0.16760E+00  0.82222E+00  0.85556E-01  0.92222E-01   185    77   332
   1147  0.44000E+00  0.38479E-03  0.25188E+07  0.54967E+03  0.38163E+04  0.00000E+00  0.38724E+05  0.12581E+02  0.12562E+02  0.00000E+00 -0.40062E-05  0.35629E+00  0.34346E+05  0.18003E+01  0.30377E-02  0.16759E+00  0.82222E+00  0.83333E-01  0.94444E-01   185    75   340
   1173  0.45000E+00  0.38479E-03  0.25342E+07  0.57587E+03  0.38585E+04  0.00000E+00  0.38901E+05  0.12584E+02  0.12564E+02  0.00000E+00 -0.41507E-05  0.37188E+00  0.34454E+05  0.18003E+01  0.30632E-02  0.16767E+00  0.82222E+00  0.83333E-01  0.94444E-01   185    75   340
   1199  0.46000E+00  0.38479E-03  0.25497E+07  0.60264E+03  0.38985E+04  0.00000E+00  0.39076E+05  0.12587E+02  0.12566E+02  0.00000E+00 -0.42664E-05  0.38762E+00  0.34563E+05  0.18003E+01  0.30211E-02  0.16913E+00  0.82222E+00  0.83333E-01  0.94444E-01   185    75   340
   1225  0.47000E+00  0.38479E-03  0.25651E+07  0.62997E+03  0.39366E+04  0.00000E+00  0.39249E+05  0.12590E+02  0.12568E+02  0.00000E+00 -0.44122E-05  0.40351E+00  0.34670E+05  0.18003E+01  0.30201E-02  0.17006E+00  0.82222E+00  0.81111E-01  0.96667E-01   185    73   348
   1251  0.48000E+00  0.38480E-03  0.25806E+07  0.65785E+03  0.39727E+04  0.00000E+00  0.39419E+05  0.12594E+02  0.12571E+02  0.00000E+00 -0.46387E-05  0.41954E+00  0.34776E+05  0.18003E+01  0.29393E-02  0.17171E+00  0.82222E+00  0.80000E-01  0.97778E-01   185    72   352
   1277  0.49000E+00  0.38480E-03  0.25960E+07  0.68629E+03  0.40069E+04  0.00000E+00  0.39587E+05  0.12597E+02  0.12573E+02  0.00000E+00 -0.48194E-05  0.43572E+00  0.34882E+05  0.18002E+01  0.29283E-02  0.17305E+00  0.82222E+00  0.80000E-01  0.97778E-01   185    72   352
   1303  0.50000E+00  0.38480E-03  0.26114E+07  0.71528E+03  0.40390E+04  0.00000E+00  0.39753E+05  0.12601E+02  0.12575E+02  0.00000E+00 -0.49695E-05  0.45206E+00  0.34987E+05  0.18002E+01  0.29193E-02  0.17405E+00  0.81778E+00  0.83333E-01  0.98889E-01   184    75   356
   1329  0.51000E+00  0.38479E-03  0.26268E+07  0.74481E+03  0.40691E+04  0.00000E+00  0.39918E+05  0.12605E+02  0.12578E+02  0.00000E+00 -0.50607E-05  0.46854E+00  0.35091E+05  0.18002E+01  0.28998E-02  0.17544E+00  0.81778E+00  0.83333E-01  0.98889E-01   184    75   356
   1355  0.52000E+00  0.38479E-03  0.26422E+07  0.77487E+03  0.40974E+04  0.00000E+00  0.40079E+05  0.12609E+02  0.12580E+02  0.00000E+00 -0.52294E-05  0.48517E+00  0.35195E+05  0.18002E+01  0.29319E-02  0.17692E+00  0.81333E+00  0.85556E-01  0.10111E+00   183    77   364
   1381  0.53000E+00  0.38478E-03  0.26576E+07  0.80547E+03  0.41237E+04  0.00000E+00  0.40239E+05  0.12613E+02  0.12583E+02  0.00000E+00 -0.54771E-05  0.50195E+00  0.35298E+05  0.18002E+01  0.28673E-02  0.17817E+00  0.81333E+00  0.83333E-01  0.10333E+00   183    75   372
   1407  0.54000E+00  0.38478E-03  0.26730E+07  0.83660E+03  0.41481E+04  0.00000E+00  0.40397E+05  0.12617E+02  0.12586E+02  0.00000E+00 -0.56549E-05  0.51888E+00  0.35400E+05  0.18002E+01  0.28485E-02  0.17914E+00  0.81333E+00  0.82222E-01  0.10444E+00   183    74   376
   1433  0.55000E+00  0.38478E-03  0.26884E+07  0.86826E+03  0.41706E+04  0.00000E+00  0.40553E+05  0.12622E+02  0.12589E+02  0.00000E+00 -0.57371E-05  0.53596E+00  0.35502E+05  0.18002E+01  0.27957E-02  0.18070E+00  0.81333E+00  0.81111E-01  0.10556E+00   183    73   380
   1459  0.56000E+00  0.38477E-03  0.27038E+07  0.90044E+03  0.41913E+04  0.00000E+00  0.40708E+05  0.12626E+02  0.12592E+02  0.00000E+00 -0.58443E-05  0.55319E+00  0.35603E+05  0.18002E+01  0.28038E-02  0.18223E+00  0.81333E+00  0.80000E-01  0.10667E+00   183    72   384
   1485  0.57000E+00  0.38477E-03  0.27191E+07  0.93314E+03  0.42101E+04  0.00000E+00  0.40860E+05  0.12631E+02  0.12595E+02  0.00000E+00 -0.60647E-05  0.57057E+00  0.35704E+05  0.18002E+01  0.28103E-02  0.18370E+00  0.81333E+00  0.78889E-01  0.10778E+00   183    71   388
   1511  0.58000E+00  0.38477E-03  0.27345E+07  0.96637E+03  0.42270E+04  0.00000E+00  0.41011E+05  0.12636E+02  0.12598E+02  0.00000E+00 -0.63241E-05  0.58810E+00  0.35805E+05  0.18001E+01  0.27558E-02  0.18495E+00  0.81333E+00  0.78889E-01  0.10778E+00   183    71   388
   1537  0.59000E+00  0.38477E-03  0.27498E+07  0.10001E+04  0.42421E+04  0.00000E+00  0.41160E+05  0.12641E+02  0.12601E+02  0.00000E+00 -0.64476E-05  0.60578E+00  0.35906E+05  0.18001E+01  0.27650E-02  0.18632E+00  0.81333E+00  0.77778E-01  0.10889E+00   183    70   392
   1563  0.60000E+00  0.38477E-03  0.27652E+07  0.10344E+04  0.42554E+04  0.00000E+00  0.41308E+05  0.12647E+02  0.12605E+02  0.00000E+00 -0.65488E-05  0.62360E+00  0.36006E+05  0.18001E+01  0.27374E-02  0.18819E+00  0.81333E+00  0.76667E-01  0.11000E+00   183    69   396
   1589  0.61000E+00  0.38477E-03  0.27805E+07  0.10692E+04  0.42669E+04  0.00000E+00  0.41454E+05  0.12652E+02  0.12608E+02  0.00000E+00 -0.67388E-05  0.64157E+00  0.36106E+05  0.18002E+01  0.27614E-02  0.19001E+00  0.81333E+00  0.76667E-01  0.11000E+00   183    69   396
   1615  0.62000E+00  0.38477E-03  0.27958E+07  0.11046E+04  0.42765E+04  0.00000E+00  0.41599E+05  0.12658E+02  0.12612E+02  0.00000E+00 -0.70010E-05  0.65969E+00  0.36205E+05  0.18002E+01  0.27037E-02  0.19188E+00  0.81333E+00  0.76667E-01  0.11000E+00   183    69   396
   1641  0.63000E+00  0.38478E-03  0.28112E+07  0.11404E+04  0.42843E+04  0.00000E+00  0.41742E+05  0.12663E+02  0.12616E+02  0.00000E+00 -0.72237E-05  0.67796E+00  0.36305E+05  0.18002E+01  0.27024E-02  0.19391E+00  0.81333E+00  0.76667E-01  0.11000E+00   183    69   396
   1667  0.64000E+00  0.38478E-03  0.28265E+07  0.11768E+04  0.42905E+04  0.00000E+00  0.41884E+05  0.12669E+02  0.12620E+02  0.00000E+00 -0.74250E-05  0.69637E+00  0.36405E+05  0.18002E+01  0.26832E-02  0.19640E+00  0.81333E+00  0.75556E-01  0.11111E+00   183    68   400
   1693  0.65000E+00  0.38478E-03  0.28418E+07  0.12137E+04  0.42949E+04  0.00000E+00  0.42025E+05  0.12676E+02  0.12624E+02  0.00000E+00 -0.76394E-05  0.71492E+00  0.36504E+05  0.18003E+01  0.26985E-02  0.19983E+00  0.81333E+00  0.74444E-01  0.11222E+00   183    67   404
   1719  0.66000E+00  0.38478E-03  0.28571E+07  0.12511E+04  0.42978E+04  0.00000E+00  0.42165E+05  0.12682E+02  0.12628E+02  0.00000E+00 -0.78835E-05  0.73362E+00  0.36603E+05  0.18003E+01  0.26689E-02  0.20503E+00  0.81333E+00  0.74444E-01  0.11222E+00   183    67   404
   1745  0.67000E+00  0.38478E-03  0.28724E+07  0.12891E+04  0.42991E+04  0.00000E+00  0.42303E+05  0.12688E+02  0.12632E+02  0.00000E+00 -0.80839E-05  0.75246E+00  0.36702E+05  0.18003E+01  0.26526E-02  0.21330E+00  0.81333E+00  0.73333E-01  0.11333E+00   183    66   408
   1771  0.68000E+00  0.38478E-03  0.28876E+07  0.13276E+04  0.42990E+04  0.00000E+00  0.42440E+05  0.12695E+02  0.12637E+02  0.00000E+00 -0.83046E-05  0.77144E+00  0.36801E+05  0.18003E+01  0.26805E-02  0.22614E+00  0.81333E+00  0.73333E-01  0.11333E+00   183    66   408
   1797  0.69000E+00  0.38478E-03  0.29029E+07  0.13666E+04  0.42979E+04  0.00000E+00  0.42576E+05  0.12702E+02  0.12641E+02  0.00000E+00 -0.85532E-05  0.79057E+00  0.36899E+05  0.18003E+01  0.26543E-02  0.24681E+00  0.81333E+00  0.72222E-01  0.11444E+00   183    65   412
   1823  0.70000E+00  0.38478E-03  0.29181E+07  0.14062E+04  0.42960E+04  0.00000E+00  0.42711E+05  0.12709E+02  0.12646E+02  0.00000E+00 -0.87968E-05  0.80983E+00  0.36996E+05  0.18003E+01  0.26448E-02  0.28376E+00  0.81333E+00  0.72222E-01  0.11444E+00   183    65   412
   1849  0.71000E+00  0.38478E-03  0.29334E+07  0.14463E+04  0.42936E+04  0.00000E+00  0.42844E+05  0.12716E+02  0.12651E+02  0.00000E+00 -0.90135E-05  0.82923E+00  0.37092E+05  0.18003E+01  0.26137E-02  0.36275E+00  0.80444E+00  0.80000E-01  0.11556E+00   181    72   416
   1876  0.72000E+00  0.32691E-03  0.29486E+07  0.14871E+04  0.42908E+04  0.00000E+00  0.42977E+05  0.12724E+02  0.12656E+02  0.00000E+00 -0.99882E-05  0.84868E+00  0.37187E+05  0.19441E+01  0.26297E-02  0.52883E+00  0.80444E+00  0.78889E-01  0.11667E+00   181    71   420
   1909  0.73000E+00  0.30246E-03  0.29639E+07  0.15286E+04  0.42870E+04  0.00000E+00  0.43109E+05  0.12731E+02  0.12662E+02  0.00000E+00 -0.71379E-05  0.86803E+00  0.37281E+05  0.20917E+01  0.26057E-02  0.53252E+00  0.79556E+00  0.86667E-01  0.11778E+00   179    78   424
   1942  0.74000E+00  0.30525E-03  0.29791E+07  0.15706E+04  0.42819E+04  0.00000E+00  0.43240E+05  0.12741E+02  0.12668E+02  0.00000E+00 -0.13006E-04  0.88737E+00  0.37375E+05  0.20684E+01  0.25874E-02  0.51949E+00  0.79111E+00  0.85556E-01  0.12333E+00   178    77   444
   1975  0.75000E+00  0.31048E-03  0.29943E+07  0.16130E+04  0.42756E+04  0.00000E+00  0.43371E+05  0.12751E+02  0.12675E+02  0.00000E+00 -0.70983E-05  0.90676E+00  0.37469E+05  0.20385E+01  0.26105E-02  0.49383E+00  0.78667E+00  0.85556E-01  0.12778E+00   177    77   460
   2007  0.76000E+00  0.31512E-03  0.30094E+07  0.16559E+04  0.42680E+04  0.00000E+00  0.43500E+05  0.12763E+02  0.12683E+02  0.00000E+00 -0.13792E-04  0.92625E+00  0.37563E+05  0.20150E+01  0.25977E-02  0.47577E+00  0.78222E+00  0.83333E-01  0.13444E+00   176    75   484
   2039  0.77000E+00  0.31909E-03  0.30246E+07  0.16992E+04  0.42594E+04  0.00000E+00  0.43629E+05  0.12777E+02  0.12691E+02  0.00000E+00 -0.77499E-05  0.94583E+00  0.37657E+05  0.19968E+01  0.25908E-02  0.46625E+00  0.76444E+00  0.97778E-01  0.13778E+00   172    88   496
   2071  0.78000E+00  0.32260E-03  0.30398E+07  0.17429E+04  0.42494E+04  0.00000E+00  0.43757E+05  0.12792E+02  0.12699E+02  0.00000E+00 -0.26206E-05  0.96550E+00  0.37752E+05  0.19822E+01  0.25739E-02  0.45581E+00  0.75556E+00  0.10111E+00  0.14333E+00   170    91   516
   2102  0.79000E+00  0.32551E-03  0.30549E+07  0.17871E+04  0.42382E+04  0.00000E+00  0.43884E+05  0.12808E+02  0.12707E+02  0.00000E+00 -0.12001E-04  0.98527E+00  0.37846E+05  0.19702E+01  0.25935E-02  0.44475E+00  0.74667E+00  0.10333E+00  0.15000E+00   168    93   540
   2133  0.80000E+00  0.32791E-03  0.30699E+07  0.18318E+04  0.42259E+04  0.00000E+00  0.44009E+05  0.12826E+02  0.12716E+02  0.00000E+00 -0.86103E-05  0.10051E+01  0.37939E+05  0.19600E+01  0.25727E-02  0.43332E+00  0.73333E+00  0.11333E+00  0.15333E+00   165   102   552
   2164  0.81000E+00  0.32990E-03  0.30847E+07  0.18769E+04  0.42125E+04  0.00000E+00  0.44133E+05  0.12844E+02  0.12726E+02  0.00000E+00 -0.59294E-05  0.10251E+01  0.38031E+05  0.19511E+01  0.25620E-02  0.42107E+00  0.71556E+00  0.12667E+00  0.15778E+00   161   114   568
   2195  0.82000E+00  0.33143E-03  0.30995E+07  0.19224E+04  0.41982E+04  0.00000E+00  0.44255E+05  0.12864E+02  0.12735E+02  0.00000E+00 -0.37962E-05  0.10452E+01  0.38121E+05  0.19435E+01  0.25831E-02  0.40919E+00  0.70222E+00  0.13222E+00  0.16556E+00   158   119   596
   2226  0.83000E+00  0.33280E-03  0.31142E+07  0.19684E+04  0.41829E+04  0.00000E+00  0.44375E+05  0.12885E+02  0.12745E+02  0.00000E+00 -0.20020E-05  0.10653E+01  0.38211E+05  0.19367E+01  0.25621E-02  0.39902E+00  0.69778E+00  0.13556E+00  0.16667E+00   157   122   600
   2256  0.84000E+00  0.33414E-03  0.31287E+07  0.20149E+04  0.41667E+04  0.00000E+00  0.44495E+05  0.12906E+02  0.12756E+02  0.00000E+00 -0.14085E-04  0.10856E+01  0.38300E+05  0.19307E+01  0.25661E-02  0.38772E+00  0.66667E+00  0.16111E+00  0.17222E+00   150   145   620
   2286  0.85000E+00  0.33531E-03  0.31432E+07  0.20618E+04  0.41494E+04  0.00000E+00  0.44613E+05  0.12929E+02  0.12767E+02  0.00000E+00 -0.12503E-04  0.11059E+01  0.38389E+05  0.19254E+01  0.25603E-02  0.37918E+00  0.65778E+00  0.17111E+00  0.17111E+00   148   154   616
   2316  0.86000E+00  0.33647E-03  0.31576E+07  0.21093E+04  0.41311E+04  0.00000E+00  0.44730E+05  0.12952E+02  0.12778E+02  0.00000E+00 -0.11120E-04  0.11264E+01  0.38477E+05  0.19206E+01  0.25625E-02  0.37433E+00  0.64889E+00  0.17000E+00  0.18111E+00   146   153   652
   2346  0.87000E+00  0.33747E-03  0.31720E+07  0.21571E+04  0.41119E+04  0.00000E+00  0.44846E+05  0.12975E+02  0.12789E+02  0.00000E+00 -0.98588E-05  0.11469E+01  0.38564E+05  0.19162E+01  0.25550E-02  0.36974E+00  0.62667E+00  0.19111E+00  0.18222E+00   141   172   656
   2376  0.88000E+00  0.33836E-03  0.31863E+07  0.22055E+04  0.40918E+04  0.00000E+00  0.44962E+05  0.12999E+02  0.12800E+02  0.00000E+00 -0.87939E-05  0.11676E+01  0.38652E+05  0.19123E+01  0.25447E-02  0.36557E+00  0.61333E+00  0.20000E+00  0.18667E+00   138   180   672
   2406  0.89000E+00  0.33916E-03  0.32005E+07  0.22543E+04  0.40708E+04  0.00000E+00  0.45077E+05  0.13024E+02  0.12812E+02  0.00000E+00 -0.77831E-05  0.11883E+01  0.38738E+05  0.19086E+01  0.25564E-02  0.36160E+00  0.61778E+00  0.19444E+00  0.18778E+00   139   175   676
   2436  0.90000E+00  0.33984E-03  0.32147E+07  0.23035E+04  0.40489E+04  0.00000E+00  0.45190E+05  0.13049E+02  0.12824E+02  0.00000E+00 -0.69134E-05  0.12091E+01  0.38825E+05  0.19053E+01  0.25474E-02  0.35776E+00  0.60444E+00  0.20000E+00  0.19556E+00   136   180   704
   2466  0.91000E+00  0.34051E-03  0.32288E+07  0.23532E+04  0.40263E+04  0.00000E+00  0.45304E+05  0.13075E+02  0.12836E+02  0.00000E+00 -0.61628E-05  0.12300E+01  0.38911E+05  0.19022E+01  0.25552E-02  0.35401E+00  0.58222E+00  0.21444E+00  0.20333E+00   131   193   732
   2496  0.92000E+00  0.34111E-03  0.32428E+07  0.24033E+04  0.40029E+04  0.00000E+00  0.45417E+05  0.13101E+02  0.12849E+02  0.00000E+00 -0.54143E-05  0.12509E+01  0.38997E+05  0.18993E+01  0.25587E-02  0.35033E+00  0.56889E+00  0.22556E+00  0.20556E+00   128   203   740
   2526  0.93000E+00  0.34166E-03  0.32568E+07  0.24539E+04  0.39787E+04  0.00000E+00  0.45529E+05  0.13127E+02  0.12861E+02  0.00000E+00 -0.47990E-05  0.12720E+01  0.39083E+05  0.18967E+01  0.25524E-02  0.34670E+00  0.56889E+00  0.22111E+00  0.21000E+00   128   199   756
   2556  0.94000E+00  0.34216E-03  0.32707E+07  0.25050E+04  0.39540E+04  0.00000E+00  0.45640E+05  0.13154E+02  0.12874E+02  0.00000E+00 -0.41956E-05  0.12931E+01  0.39168E+05  0.18942E+01  0.25721E-02  0.34323E+00  0.56444E+00  0.22556E+00  0.21000E+00   127   203   756
   2586  0.95000E+00  0.34264E-03  0.32846E+07  0.25564E+04  0.39285E+04  0.00000E+00  0.45752E+05  0.13181E+02  0.12887E+02  0.00000E+00 -0.35959E-05  0.13143E+01  0.39254E+05  0.18918E+01  0.25700E-02  0.33990E+00  0.52889E+00  0.24889E+00  0.22222E+00   119   224   800
   2616  0.96000E+00  0.34315E-03  0.32984E+07  0.26081E+04  0.39023E+04  0.00000E+00  0.45862E+05  0.13208E+02  0.12900E+02  0.00000E+00 -0.30095E-05  0.13356E+01  0.39339E+05  0.18896E+01  0.25579E-02  0.33657E+00  0.53778E+00  0.23556E+00  0.22667E+00   121   212   816
   2646  0.97000E+00  0.34364E-03  0.33122E+07  0.26603E+04  0.38757E+04  0.00000E+00  0.45973E+05  0.13235E+02  0.12913E+02  0.00000E+00 -0.24351E-05  0.13569E+01  0.39424E+05  0.18876E+01  0.25735E-02  0.33320E+00  0.53333E+00  0.23667E+00  0.23000E+00   120   213   828
   2676  0.98000E+00  0.34413E-03  0.33259E+07  0.27129E+04  0.38485E+04  0.00000E+00  0.46083E+05  0.13263E+02  0.12927E+02  0.00000E+00 -0.18230E-05  0.13783E+01  0.39508E+05  0.18856E+01  0.25708E-02  0.32997E+00  0.52444E+00  0.24778E+00  0.22778E+00   118   223   820
   2706  0.99000E+00  0.34466E-03  0.33396E+07  0.27658E+04  0.38209E+04  0.00000E+00  0.46192E+05  0.13291E+02  0.12940E+02  0.00000E+00 -0.11840E-05  0.13998E+01  0.39593E+05  0.19239E+01  0.25500E-02  0.32679E+00  0.52444E+00  0.24667E+00  0.22889E+00   118   222   824
   2735  0.10000E+01  0.34520E-03  0.33532E+07  0.28189E+04  0.37929E+04  0.00000E+00  0.46302E+05  0.13319E+02  0.12954E+02  0.00000E+00 -0.15773E-04  0.14213E+01  0.39677E+05  0.19345E+01  0.25688E-02  0.32356E+00  0.51556E+00  0.24222E+00  0.24222E+00   116   218   872
   2764  0.10100E+01  0.34564E-03  0.33667E+07  0.28724E+04  0.37643E+04  0.00000E+00  0.46411E+05  0.13348E+02  0.12968E+02  0.00000E+00 -0.15350E-04  0.14429E+01  0.39761E+05  0.19386E+01  0.25668E-02  0.32052E+00  0.51111E+00  0.24333E+00  0.24556E+00   115   219   884
   2793  0.10200E+01  0.34605E-03  0.33802E+07  0.29262E+04  0.37355E+04  0.00000E+00  0.46520E+05  0.13377E+02  0.12983E+02  0.00000E+00 -0.14938E-04  0.14645E+01  0.39845E+05  0.19407E+01  0.25551E-02  0.31739E+00  0.47556E+00  0.27111E+00  0.25333E+00   107   244   912
   2822  0.10300E+01  0.34646E-03  0.33936E+07  0.29803E+04  0.37065E+04  0.00000E+00  0.46628E+05  0.13405E+02  0.12998E+02  0.00000E+00 -0.14401E-04  0.14861E+01  0.39928E+05  0.19416E+01  0.25766E-02  0.31434E+00  0.46667E+00  0.27778E+00  0.25556E+00   105   250   920
   2851  0.10400E+01  0.34688E-03  0.34070E+07  0.30346E+04  0.36770E+04  0.00000E+00  0.46737E+05  0.13433E+02  0.13013E+02  0.00000E+00 -0.13866E-04  0.15078E+01  0.40012E+05  0.19416E+01  0.25722E-02  0.31130E+00  0.45778E+00  0.27556E+00  0.26667E+00   103   248   960
   2880  0.10500E+01  0.34728E-03  0.34203E+07  0.30893E+04  0.36474E+04  0.00000E+00  0.46845E+05  0.13460E+02  0.13028E+02  0.00000E+00 -0.13458E-04  0.15295E+01  0.40095E+05  0.19413E+01  0.25557E-02  0.30828E+00  0.44444E+00  0.28778E+00  0.26778E+00   100   259   964
   2909  0.10600E+01  0.34770E-03  0.34335E+07  0.31444E+04  0.36175E+04  0.00000E+00  0.46953E+05  0.13487E+02  0.13043E+02  0.00000E+00 -0.12995E-04  0.15513E+01  0.40178E+05  0.19406E+01  0.25393E-02  0.30527E+00  0.42667E+00  0.30556E+00  0.26778E+00    96   275   964
   2938  0.10700E+01  0.34811E-03  0.34467E+07  0.31997E+04  0.35875E+04  0.00000E+00  0.47061E+05  0.13513E+02  0.13059E+02  0.00000E+00 -0.12477E-04  0.15730E+01  0.40260E+05  0.19399E+01  0.25226E-02  0.30233E+00  0.42667E+00  0.29889E+00  0.27444E+00    96   269   988
   2967  0.10800E+01  0.34849E-03  0.34599E+07  0.32552E+04  0.35575E+04  0.00000E+00  0.47169E+05  0.13539E+02  0.13074E+02  0.00000E+00 -0.11989E-04  0.15948E+01  0.40343E+05  0.19390E+01  0.25049E-02  0.29928E+00  0.41333E+00  0.31111E+00  0.27556E+00    93   280   992promRT_mhd23
it   t   dt    rho m1 m2 m3 e b1 b2 b3 psi tr d1 d2 d3 d4      c1 c2 c3 n1 n2 n3
      0  0.00000E+00  0.22424E-05  0.18090E+07  0.00000E+00  0.00000E+00  0.00000E+00  0.21720E+05  0.12530E+02  0.12530E+02  0.00000E+00  0.00000E+00 -0.70000E+00  0.21708E+05  0.18000E+01  0.80000E-02  0.00000E+00  0.79111E+00  0.14111E+00  0.67778E-01   178   127   244
    851  0.10000E-01  0.11800E-04  0.18095E+07  0.83169E-04  0.11809E-01  0.00000E+00  0.21721E+05  0.12530E+02  0.12530E+02  0.00000E+00  0.48804E-08 -0.69874E+00  0.21709E+05  0.18002E+01  0.64199E-02  0.41929E-03  0.79111E+00  0.14000E+00  0.68889E-01   178   126   248
   1699  0.20000E-01  0.11800E-04  0.18099E+07  0.19307E-03  0.36444E-01  0.00000E+00  0.21722E+05  0.12530E+02  0.12530E+02  0.00000E+00  0.40176E-07 -0.69758E+00  0.21710E+05  0.18002E+01  0.58330E-02  0.65959E-03  0.79111E+00  0.14000E+00  0.68889E-01   178   126   248
   2547  0.30000E-01  0.11802E-04  0.18102E+07  0.26499E-03  0.64343E-01  0.00000E+00  0.21724E+05  0.12530E+02  0.12530E+02  0.00000E+00  0.81609E-07 -0.69651E+00  0.21711E+05  0.18005E+01  0.54822E-02  0.80038E-03  0.79111E+00  0.14000E+00  0.68889E-01   178   126   248promRT_mhd23
it   t   dt    rho m1 m2 m3 e b1 b2 b3 psi tr d1 d2 d3 d4      c1 c2 c3 n1 n2 n3
      0  0.00000E+00  0.73128E-04  0.18340E+07  0.66684E-30  0.22237E-34  0.00000E+00  0.27701E+05  0.12530E+02  0.12530E+02  0.00000E+00  0.00000E+00 -0.20000E+00  0.27689E+05  0.18000E+01  0.80000E-02  0.69163E-15  0.85333E+00  0.77778E-01  0.68889E-01   192    70   248
     29  0.10000E-01  0.38488E-03  0.18424E+07  0.77423E-01  0.65923E+02  0.00000E+00  0.27900E+05  0.12530E+02  0.12530E+02  0.00000E+00  0.56795E-09 -0.19226E+00  0.27821E+05  0.18000E+01  0.79738E-02  0.10939E+00  0.85333E+00  0.77778E-01  0.68889E-01   192    70   248
     55  0.20000E-01  0.38488E-03  0.18509E+07  0.54456E+00  0.14468E+03  0.00000E+00  0.28096E+05  0.12530E+02  0.12530E+02  0.00000E+00  0.46845E-07 -0.18677E+00  0.27938E+05  0.18000E+01  0.71887E-02  0.12723E+00  0.85333E+00  0.77778E-01  0.68889E-01   192    70   248
     81  0.30000E-01  0.38488E-03  0.18594E+07  0.17384E+01  0.22076E+03  0.00000E+00  0.28288E+05  0.12530E+02  0.12530E+02  0.00000E+00  0.32034E-07 -0.18116E+00  0.28053E+05  0.18000E+01  0.56776E-02  0.13341E+00  0.85333E+00  0.75556E-01  0.71111E-01   192    68   256
    107  0.40000E-01  0.38488E-03  0.18679E+07  0.37088E+01  0.29715E+03  0.00000E+00  0.28479E+05  0.12530E+02  0.12530E+02  0.00000E+00  0.12867E-06 -0.17528E+00  0.28165E+05  0.18000E+01  0.46611E-02  0.14299E+00  0.85333E+00  0.75556E-01  0.71111E-01   192    68   256
    133  0.50000E-01  0.38487E-03  0.18763E+07  0.62871E+01  0.37449E+03  0.00000E+00  0.28666E+05  0.12531E+02  0.12530E+02  0.00000E+00  0.23348E-06 -0.16935E+00  0.28273E+05  0.18000E+01  0.41387E-02  0.15317E+00  0.85333E+00  0.75556E-01  0.71111E-01   192    68   256
    159  0.60000E-01  0.38487E-03  0.18848E+07  0.94568E+01  0.44881E+03  0.00000E+00  0.28851E+05  0.12531E+02  0.12531E+02  0.00000E+00  0.39211E-06 -0.16330E+00  0.28380E+05  0.18000E+01  0.40188E-02  0.16131E+00  0.85333E+00  0.75556E-01  0.71111E-01   192    68   256
    185  0.70000E-01  0.38487E-03  0.18933E+07  0.13205E+02  0.52158E+03  0.00000E+00  0.29032E+05  0.12531E+02  0.12531E+02  0.00000E+00  0.35076E-06 -0.15713E+00  0.28485E+05  0.18000E+01  0.39240E-02  0.16508E+00  0.85333E+00  0.75556E-01  0.71111E-01   192    68   256
    211  0.80000E-01  0.38487E-03  0.19017E+07  0.17551E+02  0.59357E+03  0.00000E+00  0.29211E+05  0.12531E+02  0.12531E+02  0.00000E+00  0.35249E-06 -0.15085E+00  0.28588E+05  0.18000E+01  0.38729E-02  0.16666E+00  0.85333E+00  0.75556E-01  0.71111E-01   192    68   256
    237  0.90000E-01  0.38487E-03  0.19102E+07  0.22533E+02  0.66468E+03  0.00000E+00  0.29387E+05  0.12531E+02  0.12531E+02  0.00000E+00  0.20296E-06 -0.14447E+00  0.28688E+05  0.18000E+01  0.38496E-02  0.16726E+00  0.85333E+00  0.75556E-01  0.71111E-01   192    68   256
    263  0.10000E+00  0.38487E-03  0.19186E+07  0.28180E+02  0.73555E+03  0.00000E+00  0.29561E+05  0.12531E+02  0.12531E+02  0.00000E+00  0.21303E-06 -0.13798E+00  0.28784E+05  0.18001E+01  0.38387E-02  0.16748E+00  0.85333E+00  0.75556E-01  0.71111E-01   192    68   256
    289  0.11000E+00  0.38487E-03  0.19271E+07  0.34462E+02  0.80640E+03  0.00000E+00  0.29731E+05  0.12532E+02  0.12531E+02  0.00000E+00  0.15709E-06 -0.13136E+00  0.28878E+05  0.18001E+01  0.38331E-02  0.16756E+00  0.85333E+00  0.75556E-01  0.71111E-01   192    68   256
    315  0.12000E+00  0.38486E-03  0.19355E+07  0.41389E+02  0.87681E+03  0.00000E+00  0.29899E+05  0.12532E+02  0.12531E+02  0.00000E+00  0.25451E-06 -0.12461E+00  0.28968E+05  0.18001E+01  0.38303E-02  0.16759E+00  0.85333E+00  0.75556E-01  0.71111E-01   192    68   256
    341  0.13000E+00  0.38485E-03  0.19440E+07  0.48982E+02  0.94455E+03  0.00000E+00  0.30064E+05  0.12533E+02  0.12532E+02  0.00000E+00  0.16645E-06 -0.11770E+00  0.29058E+05  0.18001E+01  0.38260E-02  0.16760E+00  0.84000E+00  0.86667E-01  0.73333E-01   189    78   264
    367  0.14000E+00  0.38484E-03  0.19524E+07  0.57242E+02  0.10111E+04  0.00000E+00  0.30227E+05  0.12533E+02  0.12532E+02  0.00000E+00  0.21708E-06 -0.11065E+00  0.29146E+05  0.18001E+01  0.37640E-02  0.16760E+00  0.84000E+00  0.86667E-01  0.73333E-01   189    78   264
    393  0.15000E+00  0.38484E-03  0.19608E+07  0.66155E+02  0.10766E+04  0.00000E+00  0.30387E+05  0.12534E+02  0.12532E+02  0.00000E+00  0.17652E-06 -0.10343E+00  0.29231E+05  0.18001E+01  0.37246E-02  0.16755E+00  0.84000E+00  0.86667E-01  0.73333E-01   189    78   264
    419  0.16000E+00  0.38485E-03  0.19692E+07  0.75744E+02  0.11409E+04  0.00000E+00  0.30544E+05  0.12534E+02  0.12533E+02  0.00000E+00  0.55509E-07 -0.96062E-01  0.29315E+05  0.18002E+01  0.36993E-02  0.16741E+00  0.84000E+00  0.86667E-01  0.73333E-01   189    78   264
    445  0.17000E+00  0.38485E-03  0.19776E+07  0.86025E+02  0.12048E+04  0.00000E+00  0.30699E+05  0.12535E+02  0.12533E+02  0.00000E+00  0.33780E-08 -0.88558E-01  0.29395E+05  0.18001E+01  0.36821E-02  0.16731E+00  0.84000E+00  0.84444E-01  0.75556E-01   189    76   272
    471  0.18000E+00  0.38485E-03  0.19861E+07  0.97002E+02  0.12682E+04  0.00000E+00  0.30851E+05  0.12536E+02  0.12534E+02  0.00000E+00 -0.16487E-06 -0.80919E-01  0.29474E+05  0.18001E+01  0.36747E-02  0.16725E+00  0.84000E+00  0.84444E-01  0.75556E-01   189    76   272
    497  0.19000E+00  0.38485E-03  0.19945E+07  0.10866E+03  0.13316E+04  0.00000E+00  0.31002E+05  0.12537E+02  0.12534E+02  0.00000E+00 -0.25803E-06 -0.73137E-01  0.29549E+05  0.18001E+01  0.36787E-02  0.16721E+00  0.84000E+00  0.84444E-01  0.75556E-01   189    76   272
    523  0.20000E+00  0.38485E-03  0.20029E+07  0.12096E+03  0.13929E+04  0.00000E+00  0.31149E+05  0.12538E+02  0.12535E+02  0.00000E+00 -0.37926E-06 -0.65217E-01  0.29623E+05  0.18001E+01  0.36865E-02  0.16719E+00  0.84000E+00  0.84444E-01  0.75556E-01   189    76   272
    549  0.21000E+00  0.38485E-03  0.20113E+07  0.13389E+03  0.14522E+04  0.00000E+00  0.31295E+05  0.12539E+02  0.12535E+02  0.00000E+00 -0.51154E-06 -0.57160E-01  0.29696E+05  0.18001E+01  0.36902E-02  0.16717E+00  0.84000E+00  0.84444E-01  0.75556E-01   189    76   272
    575  0.22000E+00  0.38485E-03  0.20197E+07  0.14740E+03  0.15104E+04  0.00000E+00  0.31438E+05  0.12540E+02  0.12536E+02  0.00000E+00 -0.62786E-06 -0.48958E-01  0.29768E+05  0.18001E+01  0.36840E-02  0.16718E+00  0.84000E+00  0.84444E-01  0.75556E-01   189    76   272
    601  0.23000E+00  0.38484E-03  0.20281E+07  0.16146E+03  0.15675E+04  0.00000E+00  0.31579E+05  0.12541E+02  0.12537E+02  0.00000E+00 -0.84085E-06 -0.40611E-01  0.29838E+05  0.18001E+01  0.36827E-02  0.16722E+00  0.84000E+00  0.84444E-01  0.75556E-01   189    76   272
    627  0.24000E+00  0.38484E-03  0.20365E+07  0.17606E+03  0.16233E+04  0.00000E+00  0.31718E+05  0.12542E+02  0.12538E+02  0.00000E+00 -0.98216E-06 -0.32113E-01  0.29906E+05  0.18001E+01  0.36827E-02  0.16728E+00  0.84000E+00  0.84444E-01  0.75556E-01   189    76   272
    653  0.25000E+00  0.38484E-03  0.20449E+07  0.19114E+03  0.16783E+04  0.00000E+00  0.31854E+05  0.12544E+02  0.12539E+02  0.00000E+00 -0.10986E-05 -0.23449E-01  0.29972E+05  0.18001E+01  0.36638E-02  0.16732E+00  0.84000E+00  0.84444E-01  0.75556E-01   189    76   272
    679  0.26000E+00  0.38484E-03  0.20533E+07  0.20668E+03  0.17326E+04  0.00000E+00  0.31989E+05  0.12545E+02  0.12540E+02  0.00000E+00 -0.13405E-05 -0.14613E-01  0.30037E+05  0.18001E+01  0.36564E-02  0.16736E+00  0.84000E+00  0.84444E-01  0.75556E-01   189    76   272
    705  0.27000E+00  0.38484E-03  0.20616E+07  0.22269E+03  0.17860E+04  0.00000E+00  0.32121E+05  0.12547E+02  0.12541E+02  0.00000E+00 -0.15191E-05 -0.56045E-02  0.30100E+05  0.18001E+01  0.36575E-02  0.16740E+00  0.84000E+00  0.82222E-01  0.77778E-01   189    74   280
    731  0.28000E+00  0.38484E-03  0.20700E+07  0.23911E+03  0.18385E+04  0.00000E+00  0.32251E+05  0.12549E+02  0.12542E+02  0.00000E+00 -0.16261E-05  0.35772E-02  0.30161E+05  0.18001E+01  0.36646E-02  0.16742E+00  0.84000E+00  0.82222E-01  0.77778E-01   189    74   280
    757  0.29000E+00  0.38483E-03  0.20784E+07  0.25594E+03  0.18902E+04  0.00000E+00  0.32380E+05  0.12550E+02  0.12543E+02  0.00000E+00 -0.18577E-05  0.12934E-01  0.30221E+05  0.18001E+01  0.36725E-02  0.16744E+00  0.83111E+00  0.88889E-01  0.80000E-01   187    80   288
    783  0.30000E+00  0.38483E-03  0.20868E+07  0.27313E+03  0.19402E+04  0.00000E+00  0.32506E+05  0.12552E+02  0.12545E+02  0.00000E+00 -0.21143E-05  0.22458E-01  0.30280E+05  0.18001E+01  0.36643E-02  0.16745E+00  0.83111E+00  0.88889E-01  0.80000E-01   187    80   288
    809  0.31000E+00  0.38483E-03  0.20952E+07  0.29068E+03  0.19887E+04  0.00000E+00  0.32630E+05  0.12554E+02  0.12546E+02  0.00000E+00 -0.23664E-05  0.32143E-01  0.30338E+05  0.18001E+01  0.36517E-02  0.16745E+00  0.83111E+00  0.88889E-01  0.80000E-01   187    80   288
    835  0.32000E+00  0.38483E-03  0.21035E+07  0.30856E+03  0.20359E+04  0.00000E+00  0.32752E+05  0.12556E+02  0.12547E+02  0.00000E+00 -0.25634E-05  0.41992E-01  0.30395E+05  0.18002E+01  0.36089E-02  0.16746E+00  0.83111E+00  0.86667E-01  0.82222E-01   187    78   296
    861  0.33000E+00  0.38483E-03  0.21119E+07  0.32677E+03  0.20822E+04  0.00000E+00  0.32872E+05  0.12559E+02  0.12549E+02  0.00000E+00 -0.28595E-05  0.52004E-01  0.30451E+05  0.18002E+01  0.35615E-02  0.16745E+00  0.82222E+00  0.93333E-01  0.84444E-01   185    84   304
    887  0.34000E+00  0.38482E-03  0.21202E+07  0.34527E+03  0.21274E+04  0.00000E+00  0.32990E+05  0.12561E+02  0.12550E+02  0.00000E+00 -0.31956E-05  0.62176E-01  0.30505E+05  0.18002E+01  0.35390E-02  0.16743E+00  0.82222E+00  0.93333E-01  0.84444E-01   185    84   304
    913  0.35000E+00  0.38482E-03  0.21285E+07  0.36404E+03  0.21715E+04  0.00000E+00  0.33107E+05  0.12563E+02  0.12552E+02  0.00000E+00 -0.35757E-05  0.72510E-01  0.30559E+05  0.18002E+01  0.34980E-02  0.16742E+00  0.82222E+00  0.93333E-01  0.84444E-01   185    84   304
    939  0.36000E+00  0.38481E-03  0.21369E+07  0.38308E+03  0.22146E+04  0.00000E+00  0.33221E+05  0.12566E+02  0.12554E+02  0.00000E+00 -0.39112E-05  0.83007E-01  0.30611E+05  0.18002E+01  0.34580E-02  0.16740E+00  0.82222E+00  0.93333E-01  0.84444E-01   185    84   304
    965  0.37000E+00  0.38481E-03  0.21452E+07  0.40238E+03  0.22568E+04  0.00000E+00  0.33334E+05  0.12568E+02  0.12556E+02  0.00000E+00 -0.42706E-05  0.93658E-01  0.30662E+05  0.18002E+01  0.34384E-02  0.16739E+00  0.82222E+00  0.93333E-01  0.84444E-01   185    84   304
    991  0.38000E+00  0.38480E-03  0.21535E+07  0.42193E+03  0.22981E+04  0.00000E+00  0.33445E+05  0.12571E+02  0.12557E+02  0.00000E+00 -0.46442E-05  0.10447E+00  0.30712E+05  0.18002E+01  0.34186E-02  0.16737E+00  0.82222E+00  0.93333E-01  0.84444E-01   185    84   304
   1017  0.39000E+00  0.38480E-03  0.21619E+07  0.44170E+03  0.23384E+04  0.00000E+00  0.33554E+05  0.12574E+02  0.12559E+02  0.00000E+00 -0.50278E-05  0.11544E+00  0.30762E+05  0.18002E+01  0.33644E-02  0.16736E+00  0.82222E+00  0.93333E-01  0.84444E-01   185    84   304
   1043  0.40000E+00  0.38480E-03  0.21702E+07  0.46171E+03  0.23777E+04  0.00000E+00  0.33662E+05  0.12577E+02  0.12561E+02  0.00000E+00 -0.54471E-05  0.12657E+00  0.30810E+05  0.18003E+01  0.33269E-02  0.16735E+00  0.82222E+00  0.93333E-01  0.84444E-01   185    84   304
   1069  0.41000E+00  0.38479E-03  0.21785E+07  0.48191E+03  0.24162E+04  0.00000E+00  0.33768E+05  0.12580E+02  0.12563E+02  0.00000E+00 -0.57625E-05  0.13787E+00  0.30857E+05  0.18003E+01  0.33075E-02  0.16734E+00  0.82222E+00  0.93333E-01  0.84444E-01   185    84   304
   1095  0.42000E+00  0.38479E-03  0.21868E+07  0.50230E+03  0.24535E+04  0.00000E+00  0.33872E+05  0.12583E+02  0.12565E+02  0.00000E+00 -0.60026E-05  0.14934E+00  0.30904E+05  0.18003E+01  0.32513E-02  0.16733E+00  0.82222E+00  0.91111E-01  0.86667E-01   185    82   312
   1121  0.43000E+00  0.38479E-03  0.21951E+07  0.52288E+03  0.24896E+04  0.00000E+00  0.33975E+05  0.12586E+02  0.12568E+02  0.00000E+00 -0.63392E-05  0.16098E+00  0.30950E+05  0.18003E+01  0.32086E-02  0.16733E+00  0.82222E+00  0.91111E-01  0.86667E-01   185    82   312
   1147  0.44000E+00  0.38479E-03  0.22034E+07  0.54364E+03  0.25245E+04  0.00000E+00  0.34076E+05  0.12589E+02  0.12570E+02  0.00000E+00 -0.67357E-05  0.17278E+00  0.30995E+05  0.18003E+01  0.31208E-02  0.16733E+00  0.82222E+00  0.88889E-01  0.88889E-01   185    80   320
   1173  0.45000E+00  0.38479E-03  0.22117E+07  0.56458E+03  0.25584E+04  0.00000E+00  0.34175E+05  0.12593E+02  0.12572E+02  0.00000E+00 -0.69926E-05  0.18476E+00  0.31040E+05  0.18003E+01  0.30696E-02  0.16733E+00  0.82222E+00  0.88889E-01  0.88889E-01   185    80   320
   1199  0.46000E+00  0.38479E-03  0.22200E+07  0.58569E+03  0.25913E+04  0.00000E+00  0.34273E+05  0.12596E+02  0.12575E+02  0.00000E+00 -0.71841E-05  0.19691E+00  0.31084E+05  0.18003E+01  0.30999E-02  0.16733E+00  0.82222E+00  0.86667E-01  0.91111E-01   185    78   328
   1225  0.47000E+00  0.38480E-03  0.22283E+07  0.60695E+03  0.26233E+04  0.00000E+00  0.34370E+05  0.12600E+02  0.12577E+02  0.00000E+00 -0.74886E-05  0.20922E+00  0.31127E+05  0.18003E+01  0.30765E-02  0.16734E+00  0.82222E+00  0.86667E-01  0.91111E-01   185    78   328
   1251  0.48000E+00  0.38480E-03  0.22366E+07  0.62836E+03  0.26543E+04  0.00000E+00  0.34464E+05  0.12604E+02  0.12580E+02  0.00000E+00 -0.79295E-05  0.22170E+00  0.31169E+05  0.18003E+01  0.30557E-02  0.16734E+00  0.82222E+00  0.86667E-01  0.91111E-01   185    78   328
   1277  0.49000E+00  0.38480E-03  0.22449E+07  0.64992E+03  0.26844E+04  0.00000E+00  0.34558E+05  0.12608E+02  0.12582E+02  0.00000E+00 -0.82642E-05  0.23434E+00  0.31211E+05  0.18002E+01  0.29931E-02  0.16735E+00  0.82222E+00  0.86667E-01  0.91111E-01   185    78   328
   1303  0.50000E+00  0.38480E-03  0.22531E+07  0.67161E+03  0.27137E+04  0.00000E+00  0.34650E+05  0.12612E+02  0.12585E+02  0.00000E+00 -0.84784E-05  0.24715E+00  0.31252E+05  0.18002E+01  0.29736E-02  0.16735E+00  0.82222E+00  0.86667E-01  0.91111E-01   185    78   328
   1329  0.51000E+00  0.38479E-03  0.22614E+07  0.69339E+03  0.27423E+04  0.00000E+00  0.34741E+05  0.12616E+02  0.12588E+02  0.00000E+00 -0.87402E-05  0.26012E+00  0.31292E+05  0.18002E+01  0.29792E-02  0.16736E+00  0.82222E+00  0.86667E-01  0.91111E-01   185    78   328
   1355  0.52000E+00  0.38479E-03  0.22697E+07  0.71528E+03  0.27700E+04  0.00000E+00  0.34830E+05  0.12620E+02  0.12590E+02  0.00000E+00 -0.90369E-05  0.27324E+00  0.31332E+05  0.18002E+01  0.29381E-02  0.16736E+00  0.82222E+00  0.86667E-01  0.91111E-01   185    78   328
   1381  0.53000E+00  0.38478E-03  0.22779E+07  0.73728E+03  0.27968E+04  0.00000E+00  0.34918E+05  0.12625E+02  0.12593E+02  0.00000E+00 -0.93653E-05  0.28652E+00  0.31371E+05  0.18002E+01  0.29585E-02  0.16737E+00  0.82222E+00  0.86667E-01  0.91111E-01   185    78   328
   1407  0.54000E+00  0.38478E-03  0.22862E+07  0.75938E+03  0.28227E+04  0.00000E+00  0.35005E+05  0.12629E+02  0.12596E+02  0.00000E+00 -0.96588E-05  0.29995E+00  0.31410E+05  0.18002E+01  0.29148E-02  0.16737E+00  0.82222E+00  0.82222E-01  0.95556E-01   185    74   344
   1433  0.55000E+00  0.38478E-03  0.22944E+07  0.78156E+03  0.28476E+04  0.00000E+00  0.35090E+05  0.12634E+02  0.12599E+02  0.00000E+00 -0.99044E-05  0.31353E+00  0.31448E+05  0.18002E+01  0.28665E-02  0.16738E+00  0.82222E+00  0.80000E-01  0.97778E-01   185    72   352
   1459  0.56000E+00  0.38477E-03  0.23026E+07  0.80383E+03  0.28713E+04  0.00000E+00  0.35174E+05  0.12639E+02  0.12602E+02  0.00000E+00 -0.10131E-04  0.32725E+00  0.31486E+05  0.18002E+01  0.28563E-02  0.16738E+00  0.82222E+00  0.77778E-01  0.10000E+00   185    70   360
   1485  0.57000E+00  0.38477E-03  0.23109E+07  0.82619E+03  0.28942E+04  0.00000E+00  0.35257E+05  0.12644E+02  0.12606E+02  0.00000E+00 -0.10407E-04  0.34113E+00  0.31524E+05  0.18001E+01  0.28092E-02  0.16738E+00  0.82222E+00  0.77778E-01  0.10000E+00   185    70   360
   1511  0.58000E+00  0.38477E-03  0.23191E+07  0.84864E+03  0.29162E+04  0.00000E+00  0.35338E+05  0.12649E+02  0.12609E+02  0.00000E+00 -0.10730E-04  0.35515E+00  0.31561E+05  0.18001E+01  0.28404E-02  0.16738E+00  0.82222E+00  0.77778E-01  0.10000E+00   185    70   360
   1537  0.59000E+00  0.38477E-03  0.23273E+07  0.87117E+03  0.29373E+04  0.00000E+00  0.35419E+05  0.12654E+02  0.12612E+02  0.00000E+00 -0.11030E-04  0.36930E+00  0.31598E+05  0.18001E+01  0.28000E-02  0.16738E+00  0.82222E+00  0.75556E-01  0.10222E+00   185    68   368
   1563  0.60000E+00  0.38477E-03  0.23355E+07  0.89377E+03  0.29577E+04  0.00000E+00  0.35498E+05  0.12660E+02  0.12616E+02  0.00000E+00 -0.11275E-04  0.38360E+00  0.31634E+05  0.18001E+01  0.27719E-02  0.16738E+00  0.82222E+00  0.73333E-01  0.10444E+00   185    66   376
   1589  0.61000E+00  0.38478E-03  0.23437E+07  0.91644E+03  0.29771E+04  0.00000E+00  0.35576E+05  0.12665E+02  0.12619E+02  0.00000E+00 -0.11548E-04  0.39802E+00  0.31670E+05  0.18002E+01  0.27413E-02  0.16738E+00  0.82222E+00  0.73333E-01  0.10444E+00   185    66   376
   1615  0.62000E+00  0.38478E-03  0.23519E+07  0.93919E+03  0.29960E+04  0.00000E+00  0.35653E+05  0.12671E+02  0.12623E+02  0.00000E+00 -0.11864E-04  0.41259E+00  0.31706E+05  0.18002E+01  0.27111E-02  0.16738E+00  0.82222E+00  0.73333E-01  0.10444E+00   185    66   376
   1641  0.63000E+00  0.38478E-03  0.23601E+07  0.96202E+03  0.30141E+04  0.00000E+00  0.35729E+05  0.12677E+02  0.12627E+02  0.00000E+00 -0.12169E-04  0.42728E+00  0.31741E+05  0.18002E+01  0.27444E-02  0.16737E+00  0.82222E+00  0.73333E-01  0.10444E+00   185    66   376
   1667  0.64000E+00  0.38479E-03  0.23683E+07  0.98491E+03  0.30315E+04  0.00000E+00  0.35804E+05  0.12683E+02  0.12630E+02  0.00000E+00 -0.12553E-04  0.44211E+00  0.31775E+05  0.18003E+01  0.26896E-02  0.16737E+00  0.82222E+00  0.73333E-01  0.10444E+00   185    66   376
   1693  0.65000E+00  0.38479E-03  0.23765E+07  0.10079E+04  0.30482E+04  0.00000E+00  0.35878E+05  0.12689E+02  0.12634E+02  0.00000E+00 -0.12951E-04  0.45707E+00  0.31810E+05  0.18003E+01  0.27027E-02  0.16737E+00  0.82222E+00  0.73333E-01  0.10444E+00   185    66   376
   1719  0.66000E+00  0.38479E-03  0.23846E+07  0.10309E+04  0.30640E+04  0.00000E+00  0.35951E+05  0.12695E+02  0.12638E+02  0.00000E+00 -0.13325E-04  0.47215E+00  0.31844E+05  0.18003E+01  0.26456E-02  0.16737E+00  0.82222E+00  0.71111E-01  0.10667E+00   185    64   384
   1745  0.67000E+00  0.38479E-03  0.23928E+07  0.10540E+04  0.30791E+04  0.00000E+00  0.36023E+05  0.12701E+02  0.12642E+02  0.00000E+00 -0.13655E-04  0.48736E+00  0.31878E+05  0.18003E+01  0.26489E-02  0.16737E+00  0.82222E+00  0.71111E-01  0.10667E+00   185    64   384
   1771  0.68000E+00  0.38478E-03  0.24010E+07  0.10772E+04  0.30932E+04  0.00000E+00  0.36094E+05  0.12708E+02  0.12647E+02  0.00000E+00 -0.14060E-04  0.50269E+00  0.31911E+05  0.18003E+01  0.26392E-02  0.16736E+00  0.82222E+00  0.68889E-01  0.10889E+00   185    62   392
   1797  0.69000E+00  0.38478E-03  0.24091E+07  0.11005E+04  0.31064E+04  0.00000E+00  0.36165E+05  0.12715E+02  0.12651E+02  0.00000E+00 -0.14509E-04  0.51813E+00  0.31945E+05  0.18003E+01  0.26014E-02  0.16736E+00  0.82222E+00  0.68889E-01  0.10889E+00   185    62   392
   1823  0.70000E+00  0.38478E-03  0.24172E+07  0.11238E+04  0.31189E+04  0.00000E+00  0.36234E+05  0.12722E+02  0.12655E+02  0.00000E+00 -0.14906E-04  0.53370E+00  0.31978E+05  0.18003E+01  0.26074E-02  0.16736E+00  0.82222E+00  0.68889E-01  0.10889E+00   185    62   392
   1849  0.71000E+00  0.38478E-03  0.24254E+07  0.11473E+04  0.31308E+04  0.00000E+00  0.36302E+05  0.12729E+02  0.12660E+02  0.00000E+00 -0.15187E-04  0.54937E+00  0.32011E+05  0.18002E+01  0.25693E-02  0.16736E+00  0.82222E+00  0.68889E-01  0.10889E+00   185    62   392
   1875  0.72000E+00  0.38478E-03  0.24335E+07  0.11708E+04  0.31420E+04  0.00000E+00  0.36370E+05  0.12736E+02  0.12664E+02  0.00000E+00 -0.15496E-04  0.56515E+00  0.32044E+05  0.18002E+01  0.25838E-02  0.16736E+00  0.82222E+00  0.68889E-01  0.10889E+00   185    62   392
   1901  0.73000E+00  0.38478E-03  0.24416E+07  0.11945E+04  0.31527E+04  0.00000E+00  0.36436E+05  0.12743E+02  0.12669E+02  0.00000E+00 -0.15857E-04  0.58104E+00  0.32076E+05  0.18002E+01  0.25451E-02  0.16736E+00  0.82222E+00  0.68889E-01  0.10889E+00   185    62   392
   1927  0.74000E+00  0.38478E-03  0.24497E+07  0.12182E+04  0.31629E+04  0.00000E+00  0.36502E+05  0.12751E+02  0.12674E+02  0.00000E+00 -0.16186E-04  0.59703E+00  0.32108E+05  0.18002E+01  0.25457E-02  0.17677E+00  0.82222E+00  0.68889E-01  0.10889E+00   185    62   392
   1953  0.75000E+00  0.38478E-03  0.24578E+07  0.12420E+04  0.31727E+04  0.00000E+00  0.36567E+05  0.12758E+02  0.12678E+02  0.00000E+00 -0.16426E-04  0.61311E+00  0.32140E+05  0.18002E+01  0.25404E-02  0.19245E+00  0.82222E+00  0.68889E-01  0.10889E+00   185    62   392
   1979  0.76000E+00  0.38478E-03  0.24659E+07  0.12660E+04  0.31824E+04  0.00000E+00  0.36632E+05  0.12766E+02  0.12683E+02  0.00000E+00 -0.16703E-04  0.62929E+00  0.32170E+05  0.18003E+01  0.25215E-02  0.21634E+00  0.82222E+00  0.68889E-01  0.10889E+00   185    62   392
   2005  0.77000E+00  0.38478E-03  0.24740E+07  0.12900E+04  0.31919E+04  0.00000E+00  0.36695E+05  0.12774E+02  0.12688E+02  0.00000E+00 -0.17009E-04  0.64556E+00  0.32200E+05  0.18003E+01  0.25161E-02  0.26634E+00  0.80444E+00  0.82222E-01  0.11333E+00   181    74   408
   2032  0.78000E+00  0.37342E-03  0.24821E+07  0.13142E+04  0.32014E+04  0.00000E+00  0.36758E+05  0.12782E+02  0.12694E+02  0.00000E+00 -0.86920E-06  0.66188E+00  0.32230E+05  0.18003E+01  0.24836E-02  0.38167E+00  0.80444E+00  0.80000E-01  0.11556E+00   181    72   416
   2063  0.79000E+00  0.31915E-03  0.24901E+07  0.13386E+04  0.32106E+04  0.00000E+00  0.36821E+05  0.12790E+02  0.12699E+02  0.00000E+00 -0.12109E-05  0.67813E+00  0.32259E+05  0.20161E+01  0.25004E-02  0.42072E+00  0.80444E+00  0.77778E-01  0.11778E+00   181    70   424
   2095  0.80000E+00  0.31843E-03  0.24982E+07  0.13631E+04  0.32193E+04  0.00000E+00  0.36882E+05  0.12799E+02  0.12705E+02  0.00000E+00 -0.10523E-04  0.69432E+00  0.32287E+05  0.20013E+01  0.24792E-02  0.41132E+00  0.79111E+00  0.86667E-01  0.12222E+00   178    78   440
   2127  0.81000E+00  0.32191E-03  0.25062E+07  0.13876E+04  0.32276E+04  0.00000E+00  0.36943E+05  0.12808E+02  0.12711E+02  0.00000E+00 -0.66393E-05  0.71053E+00  0.32315E+05  0.19792E+01  0.24658E-02  0.39649E+00  0.78222E+00  0.91111E-01  0.12667E+00   176    82   456
   2158  0.82000E+00  0.32559E-03  0.25142E+07  0.14121E+04  0.32353E+04  0.00000E+00  0.37003E+05  0.12819E+02  0.12718E+02  0.00000E+00 -0.21695E-04  0.72677E+00  0.32343E+05  0.19613E+01  0.24778E-02  0.37838E+00  0.78222E+00  0.88889E-01  0.12889E+00   176    80   464
   2189  0.83000E+00  0.32894E-03  0.25222E+07  0.14367E+04  0.32424E+04  0.00000E+00  0.37062E+05  0.12831E+02  0.12725E+02  0.00000E+00 -0.13962E-04  0.74305E+00  0.32370E+05  0.19479E+01  0.24512E-02  0.37077E+00  0.76889E+00  0.97778E-01  0.13333E+00   173    88   480
   2220  0.84000E+00  0.33215E-03  0.25302E+07  0.14613E+04  0.32489E+04  0.00000E+00  0.37121E+05  0.12844E+02  0.12732E+02  0.00000E+00 -0.66546E-05  0.75937E+00  0.32398E+05  0.19374E+01  0.24574E-02  0.36344E+00  0.76000E+00  0.10444E+00  0.13556E+00   171    94   488
   2250  0.85000E+00  0.33494E-03  0.25382E+07  0.14859E+04  0.32548E+04  0.00000E+00  0.37180E+05  0.12857E+02  0.12739E+02  0.00000E+00 -0.23710E-04  0.77572E+00  0.32426E+05  0.19286E+01  0.24321E-02  0.35425E+00  0.75111E+00  0.10444E+00  0.14444E+00   169    94   520
   2280  0.86000E+00  0.33753E-03  0.25462E+07  0.15106E+04  0.32602E+04  0.00000E+00  0.37238E+05  0.12871E+02  0.12746E+02  0.00000E+00 -0.18292E-04  0.79210E+00  0.32454E+05  0.19212E+01  0.24211E-02  0.34441E+00  0.74222E+00  0.11333E+00  0.14444E+00   167   102   520
   2310  0.87000E+00  0.33957E-03  0.25542E+07  0.15353E+04  0.32651E+04  0.00000E+00  0.37295E+05  0.12886E+02  0.12754E+02  0.00000E+00 -0.13639E-04  0.80852E+00  0.32482E+05  0.19144E+01  0.24288E-02  0.33620E+00  0.72000E+00  0.12889E+00  0.15111E+00   162   116   544
   2340  0.88000E+00  0.34117E-03  0.25621E+07  0.15601E+04  0.32696E+04  0.00000E+00  0.37352E+05  0.12901E+02  0.12762E+02  0.00000E+00 -0.95750E-05  0.82497E+00  0.32510E+05  0.19087E+01  0.24117E-02  0.32817E+00  0.71111E+00  0.13778E+00  0.15111E+00   160   124   544
   2370  0.89000E+00  0.34290E-03  0.25701E+07  0.15849E+04  0.32735E+04  0.00000E+00  0.37409E+05  0.12917E+02  0.12770E+02  0.00000E+00 -0.64105E-05  0.84144E+00  0.32538E+05  0.19036E+01  0.24204E-02  0.31816E+00  0.69333E+00  0.14667E+00  0.16000E+00   156   132   576
   2400  0.90000E+00  0.34418E-03  0.25781E+07  0.16098E+04  0.32769E+04  0.00000E+00  0.37466E+05  0.12934E+02  0.12778E+02  0.00000E+00 -0.35946E-05  0.85793E+00  0.32566E+05  0.18991E+01  0.24163E-02  0.31140E+00  0.68000E+00  0.15556E+00  0.16444E+00   153   140   592
   2429  0.91000E+00  0.34545E-03  0.25860E+07  0.16347E+04  0.32799E+04  0.00000E+00  0.37522E+05  0.12951E+02  0.12786E+02  0.00000E+00 -0.24723E-04  0.87446E+00  0.32594E+05  0.18951E+01  0.24049E-02  0.30299E+00  0.67111E+00  0.16222E+00  0.16667E+00   151   146   600
   2458  0.92000E+00  0.34644E-03  0.25939E+07  0.16597E+04  0.32826E+04  0.00000E+00  0.37577E+05  0.12968E+02  0.12795E+02  0.00000E+00 -0.22917E-04  0.89100E+00  0.32622E+05  0.18915E+01  0.24093E-02  0.29687E+00  0.64889E+00  0.17778E+00  0.17333E+00   146   160   624
   2487  0.93000E+00  0.34745E-03  0.26019E+07  0.16848E+04  0.32849E+04  0.00000E+00  0.37633E+05  0.12986E+02  0.12804E+02  0.00000E+00 -0.21118E-04  0.90757E+00  0.32650E+05  0.18883E+01  0.23996E-02  0.28944E+00  0.64889E+00  0.18000E+00  0.17111E+00   146   162   616
   2516  0.94000E+00  0.34824E-03  0.26098E+07  0.17099E+04  0.32867E+04  0.00000E+00  0.37688E+05  0.13004E+02  0.12812E+02  0.00000E+00 -0.19586E-04  0.92417E+00  0.32679E+05  0.18854E+01  0.23984E-02  0.28407E+00  0.61778E+00  0.20000E+00  0.18222E+00   139   180   656
   2545  0.95000E+00  0.34898E-03  0.26177E+07  0.17351E+04  0.32881E+04  0.00000E+00  0.37743E+05  0.13022E+02  0.12821E+02  0.00000E+00 -0.18314E-04  0.94078E+00  0.32707E+05  0.18826E+01  0.24037E-02  0.27989E+00  0.63111E+00  0.19556E+00  0.17333E+00   142   176   624
   2574  0.96000E+00  0.34969E-03  0.26256E+07  0.17604E+04  0.32892E+04  0.00000E+00  0.37798E+05  0.13041E+02  0.12831E+02  0.00000E+00 -0.16973E-04  0.95742E+00  0.32736E+05  0.18802E+01  0.24059E-02  0.27647E+00  0.61333E+00  0.20000E+00  0.18667E+00   138   180   672
   2603  0.97000E+00  0.35022E-03  0.26335E+07  0.17856E+04  0.32899E+04  0.00000E+00  0.37853E+05  0.13060E+02  0.12840E+02  0.00000E+00 -0.15895E-04  0.97407E+00  0.32764E+05  0.18778E+01  0.24142E-02  0.27310E+00  0.60444E+00  0.21111E+00  0.18444E+00   136   190   664
   2632  0.98000E+00  0.35078E-03  0.26414E+07  0.18110E+04  0.32903E+04  0.00000E+00  0.37907E+05  0.13079E+02  0.12849E+02  0.00000E+00 -0.14935E-04  0.99074E+00  0.32793E+05  0.18757E+01  0.24228E-02  0.26985E+00  0.59111E+00  0.21333E+00  0.19556E+00   133   192   704
   2661  0.99000E+00  0.35127E-03  0.26493E+07  0.18364E+04  0.32903E+04  0.00000E+00  0.37962E+05  0.13099E+02  0.12859E+02  0.00000E+00 -0.14016E-04  0.10074E+01  0.32822E+05  0.18737E+01  0.24144E-02  0.26681E+00  0.57778E+00  0.23333E+00  0.18889E+00   130   210   680
   2690  0.10000E+01  0.35170E-03  0.26571E+07  0.18618E+04  0.32899E+04  0.00000E+00  0.38016E+05  0.13119E+02  0.12868E+02  0.00000E+00 -0.13173E-04  0.10241E+01  0.32851E+05  0.18718E+01  0.24109E-02  0.26377E+00  0.56889E+00  0.22889E+00  0.20222E+00   128   206   728
   2719  0.10100E+01  0.35213E-03  0.26650E+07  0.18873E+04  0.32891E+04  0.00000E+00  0.38070E+05  0.13139E+02  0.12878E+02  0.00000E+00 -0.12396E-04  0.10409E+01  0.32881E+05  0.18701E+01  0.23994E-02  0.26074E+00  0.55556E+00  0.23778E+00  0.20667E+00   125   214   744
   2748  0.10200E+01  0.35254E-03  0.26728E+07  0.19128E+04  0.32879E+04  0.00000E+00  0.38125E+05  0.13159E+02  0.12888E+02  0.00000E+00 -0.11611E-04  0.10576E+01  0.32911E+05  0.18685E+01  0.23819E-02  0.25781E+00  0.54222E+00  0.24222E+00  0.21556E+00   122   218   776
   2777  0.10300E+01  0.35293E-03  0.26807E+07  0.19384E+04  0.32865E+04  0.00000E+00  0.38179E+05  0.13180E+02  0.12898E+02  0.00000E+00 -0.10851E-04  0.10743E+01  0.32941E+05  0.18669E+01  0.23658E-02  0.25492E+00  0.56000E+00  0.22000E+00  0.22000E+00   126   198   792
   2806  0.10400E+01  0.35331E-03  0.26885E+07  0.19640E+04  0.32847E+04  0.00000E+00  0.38233E+05  0.13200E+02  0.12908E+02  0.00000E+00 -0.10125E-04  0.10911E+01  0.32971E+05  0.18655E+01  0.23489E-02  0.25213E+00  0.56000E+00  0.22222E+00  0.21778E+00   126   200   784
   2835  0.10500E+01  0.35368E-03  0.26963E+07  0.19896E+04  0.32827E+04  0.00000E+00  0.38287E+05  0.13221E+02  0.12918E+02  0.00000E+00 -0.93867E-05  0.11078E+01  0.33001E+05  0.18642E+01  0.23354E-02  0.24927E+00  0.54667E+00  0.23111E+00  0.22222E+00   123   208   800
   2864  0.10600E+01  0.35405E-03  0.27041E+07  0.20153E+04  0.32805E+04  0.00000E+00  0.38341E+05  0.13243E+02  0.12928E+02  0.00000E+00 -0.86176E-05  0.11246E+01  0.33032E+05  0.18927E+01  0.23209E-02  0.24647E+00  0.54222E+00  0.23111E+00  0.22667E+00   122   208   816
   2893  0.10700E+01  0.35438E-03  0.27119E+07  0.20410E+04  0.32781E+04  0.00000E+00  0.38395E+05  0.13264E+02  0.12938E+02  0.00000E+00 -0.78296E-05  0.11413E+01  0.33063E+05  0.18996E+01  0.23087E-02  0.24374E+00  0.51556E+00  0.24667E+00  0.23778E+00   116   222   856
   2922  0.10800E+01  0.35480E-03  0.27197E+07  0.20668E+04  0.32756E+04  0.00000E+00  0.38449E+05  0.13286E+02  0.12949E+02  0.00000E+00 -0.70912E-05  0.11581E+01  0.33094E+05  0.19028E+01  0.22976E-02  0.24098E+00  0.53333E+00  0.23778E+00  0.22889E+00   120   214   824
   2951  0.10900E+01  0.35491E-03  0.27275E+07  0.20926E+04  0.32730E+04  0.00000E+00  0.38503E+05  0.13308E+02  0.12960E+02  0.00000E+00 -0.65260E-05  0.11748E+01  0.33125E+05  0.19044E+01  0.22852E-02  0.23827E+00  0.51111E+00  0.24889E+00  0.24000E+00   115   224   864
   2980  0.11000E+01  0.35523E-03  0.27353E+07  0.21185E+04  0.32702E+04  0.00000E+00  0.38558E+05  0.13329E+02  0.12971E+02  0.00000E+00 -0.59505E-05  0.11915E+01  0.33156E+05  0.19053E+01  0.22750E-02  0.23559E+00  0.50667E+00  0.25556E+00  0.23778E+00   114   230   856
   3009  0.11100E+01  0.35548E-03  0.27430E+07  0.21444E+04  0.32673E+04  0.00000E+00  0.38612E+05  0.13351E+02  0.12982E+02  0.00000E+00 -0.55132E-05  0.12082E+01  0.33187E+05  0.19055E+01  0.22648E-02  0.23291E+00  0.49778E+00  0.25333E+00  0.24889E+00   112   228   896
   3038  0.11200E+01  0.35565E-03  0.27508E+07  0.21703E+04  0.32644E+04  0.00000E+00  0.38667E+05  0.13372E+02  0.12993E+02  0.00000E+00 -0.49306E-05  0.12248E+01  0.33219E+05  0.19055E+01  0.22524E-02  0.23018E+00  0.48889E+00  0.27111E+00  0.24000E+00   110   244   864
   3067  0.11300E+01  0.35600E-03  0.27585E+07  0.21963E+04  0.32615E+04  0.00000E+00  0.38721E+05  0.13393E+02  0.13005E+02  0.00000E+00 -0.45039E-05  0.12414E+01  0.33250E+05  0.19052E+01  0.22418E-02  0.22760E+00  0.46222E+00  0.28889E+00  0.24889E+00   104   260   896
   3096  0.11400E+01  0.35613E-03  0.27662E+07  0.22224E+04  0.32585E+04  0.00000E+00  0.38776E+05  0.13414E+02  0.13016E+02  0.00000E+00 -0.39082E-05  0.12580E+01  0.33282E+05  0.19046E+01  0.22313E-02  0.22498E+00  0.46222E+00  0.28889E+00  0.24889E+00   104   260   896
   3125  0.11500E+01  0.35642E-03  0.27739E+07  0.22484E+04  0.32555E+04  0.00000E+00  0.38831E+05  0.13435E+02  0.13027E+02  0.00000E+00 -0.34536E-05  0.12746E+01  0.33314E+05  0.19041E+01  0.22168E-02  0.22238E+00  0.46222E+00  0.28667E+00  0.25111E+00   104   258   904